[  0.000000] Initializing cgroup subsys cpuset
[    0.000000] Initializing cgroup subsys cpu
[    0.000000] Initializing cgroup subsys cpuacct
[    0.000000] Linux version 4.4.0-137-generic (buildd@lgw01-amd64-037) (gcc version 5.4.0 20160609 (Ubuntu 5.4.0-6ubuntu1~16.04.10) ) #163-Ubuntu SMP Mon Sep 24 13:14:43 UTC 2018 (Ubuntu 4.4.0-137.163-generic 4.4.144)
[    0.000000] Command line: BOOT_IMAGE=/boot/vmlinuz-4.4.0-137-generic root=LABEL=cloudimg-rootfs ro console=tty1 console=ttyS0
[    0.000000] KERNEL supported cpus:
    0.000000]   Intel GenuinIntel
  .00000  MDAuthentAM
[    0.000000] Centaur CentaurHauls
[    0.000000] x86/fpu: xstate_offset[2]:  576, xstate_sizes[2]:  256
[    0.000000] x86/fpu: Supporting XSAVE feature 0x01: 'x87 floating int registers'
[    0.0000] 6/pu: SuppoinXSAVE feture 0x02: 'SSE registers'
[    0.000000] x86/fpu: Supporting XSAVE feature 0x04: 'AVX registers'
[    0.000000] x86/fpu: Enabled xstate features 0x7, context size is 832 bytes, using 'standard' format.
[    0.000000] e820: BIOS-provided physical RAM map:
[    0.000000] BIOS-e820: [mem 0x0000000000000000-0x000000000009fbff] usable
[    0.000000] BIOS-e820: [mem 0x000000000009fc00-0x000000000009ffff] reserved
[    0.0000] BIS-e820:me0x000000f000-0x00000000000fffff] reserved
[  000000] BIOSe8: em 0x0000000010000-0x0000000ffff] usable
[    0.000000] BIOS-e820: [mem 0x000000003fff0000-0x000000003fffffff] ACPI data
[    0.000000] BIOS-e820: [mem 0x00000000fec00000-0x0000000fec00ff rserved[  0.000000] BIOS-e820: [mem 0x00000000fee00000-0x00000000fee00fff] reserved
[    0.000000] BIOS-e820: [mem 0x00000000fffc0000-0x00000000ffffffff] reserved
[    0.000000] NX (Execute Disable) protection: active
[    0.000000] SMBIOS 2.5 present.
[    0.000000] Hypervisor detected: KVM
[    0.000000] e820: last_pfn = 0x3fff0 max_arch_pfn = 0x400000000
[    0.000000] MTRR: Disabled
[    0.000000] x86/PAT: MTRRs disabled, skipping PAT initialization too.
[    0.000000] CPU MTRRs all blank - virtualized system.
[    0.000000] x86/PAT: Configuration [0-7]: WB  WT  UC- UC  W W UC-   [    0.000 founSMMP-table at [mem 0x0009fff0-0x0009ffff] mapped at [ffff88000009fff0]
[    0.000000] Scanning 1 areas for low memory corruption
[    0.000000] RAMDISK: [mem 0x3630a000-0x3717cfff]
[    0.000000] ACPI: Early table checksum verification disabled
[    0.000000] ACPI: RSDP 0x00000000000E0000 000024 (v02 VBOX  )
[    0.000000] ACPI: XSDT 0x000000003FFF0030 00003C (v01 VBOX   VBOXXSDT 00000001 ASL  00000061)
[    0.000000] ACPI: FACP 0x000000003FFF00F0 0000F4 (v04 VBOX   VBOXFACP 00000001 ASL  00000061)
[    0.000000] ACPI: DSDT 0x000000003FFF0470 0021FF (v02 VBOX   VBOXBIOS 00000002 NTL 20100528
[    0.00000 AI:ACS 0000003FFF00 000
[    0.000000] ACI:AC 0x000000003FFF020 000
[  000000] ACPI: APIC 0x000000003FFF0240 0005(v VBOX   VBOXAPIC 000001 L  00000061
[  .000000] ACPI: SSDT 000000003FFF02A0 01 (01 VBOX   VBOPU000000 IL 01008)
[    0.000000 NNU configurationou
[    0.0000Faing a no a[mem 0x0000000000000000-0x000000003ffeffff]
[    0.000000] NODE_DATA(0) allocated [mem 0x3ffeb000-0x3ffeffff]
[    0.000000] kvm-clock: Using msrs 4b564d01 and 4b564d00
[    0.000000] kvm-clock: cpu 0, msr 0:3ffe3001, primary cpu clock
[    0.000000] kvm-clock: using sched offset of 3223511397 cycles
[    0.000000] clocksource: kvm-clock: mask: 0xffffffffffffffff max_cycles: 0x1cd42e4dffb, max_idle_ns: 881590591483 ns
[  0.000000] Zone ranges:
[    0.000000]   DMA      [mem 0x00000000001000-0x0000000000ffffff]
[    0.000000]   DMA32    [em x0000000001000000-0x00000003ffeffff]
[    0.000]   Nmal   pt
[    0.0000] Deice  ety
[    0.00000Moable zone stt or eachno
    0.000000] Earl mmory ode raes[    0.000000]   node   0: [mem 0x0000000000001000-0x000000000009efff]
[    0.000000]   node   0: [mem 0x0000000000100000-0x000000003ffeffff]
[    0.000000] Initm sup nod 0me 0x000000000001000-0x000000003ffeffff]
[    0.000000] ACPI: PM-Timer IO Port: 0x4008
[    0.000000] IOAPIC[0]: apic_id 2, version 32, address 0xfec00000, GSI 0-23
[    0.00000]CPI: INT_SRC_R us0 bus_ir0 obal_i 2fldfl
[  .000000] ACPI: I_S_OVR (us bus_irq 9 global_irq 9 low level)
[    0.0000] Using AI (MADT) for SMP configuration information
[    0.000000] smpboot: Allowing 2 CPUs, 0 hotplug CPUs
[    0.000000] PM: Registered nosave memory: [mem 0x00000000-0x00000fff]
[    0.000000] PM: Registered nosave memory: [mem 0x0009f000-0x0009ffff
[    0.00000] PM: Registered nosave memory: [mem 0x00a000-00fff]
[    0.000000]PMReisted sae meor [em 0x0f00-x000fffff
[  0.000000] e820: [m 4000000xbfffff] available for PCI devices
[    0.000000] Booting paravirtualized kernel on KVM
[    0.000000] clocksource: refined-jiffie: sk 0xffffffff maxycs:0xfffffff, x_dle_: 4519600215 n
[  0.000] setup_percpu: NCP:52 nr_cpumk_ts512 nrpuds:2 nr_nodeid1
[   0.000000] PERCPU: Embedded 34 pages/cpu @ffff88003fc00000 s99608 r8192 d31464 u108576
[    0.000000] PV qspinlock hash table entries: 256 (order: 0, 4096 bytes)
[    0.000000] Built 1 zonelist in Node order, mobility grouping on.  Totalpaes25791
[  .000000] Poly ne DMA32[  0.0000 Knel command line: BOOT_IMAGE=/boot/vmlinuz-4.4.0-137-generic root=LABEL=cloudimg-rootfs ro console=tty1 console=ttyS0
  .00000PIhash tlentries: 406 rd: 3, 368ytes)[  0.000000]emy: 9977K/4820K available (855kenel code, 114rwata, 4004rota, 1528K init, 1316K bss, 50412K reserved, 0K cma-reserved)
[    0.000000] SLUB: HWalign=64, Order=0-3, MinObjects=0, CPUs=2, Nodes=1
[    0.000000] Kernel/User page tables isolation: enabled
[    0.000000] Hierarchical RCU implementation.
[    0.000000] 	Build-time adjustment of leaf fanout to 64.
[    0.000000] 	RCU restricting CPUs from NR_CPUS=512 to nrpuds=2.
[    0.000000] RCU: Adjusting geometry for rcu_fanout_leaf=64, nr_cpu_ids=2
[    0.000000] NR_IRQS:33024 nr_irqs:440 16
[    0.000000] Console: colour VGA+ 80x25
[    0.000000] console [tty1] enabled
[    0.000000] console [ttyS0] enabled
[    0.000000] tsc: Detected 2303.998 MHz processor
[    5.435081] Calibrating delay loop (skipped) preset value.. 4607.99 BogoMIPS (lpj=9215992)
[    5.436650] pid_max: default: 32768 minimum: 301
[    5.437520] ACPI: Core revision 20150930
[    5.438910] ACPI: 2 ACPI AML tables successfully acquired and loaded
[    5.439974] Security Framework initialized
[    5.440630] Yama: becoming mindful.
[    5.441218] AppArmor: AppArmor initialized
[    5.441916] Dentry cache hash table entries: 131072 (order: 8, 1048576 bytes)
[    5.444356] Inode-caheash table entries: 65536 (order: 7, 524288 bytes)
[    5.527670] Mount-cache hash table entries: 2048 (order: 2, 16384 bytes)
[    5.534321] Mountpoint-cache hash table entries: 2048 (order: 2, 16384 bytes)
[    5.541205] Initializing cgroup subsys io
[    5.541962] Initializing cgroup subsys memory
[    5.542847] Initializing cgroup subsys devices
[    5.543642] Initializing cgroup subsys freezer
[    5.544340] Initializing cgroup subsys net_cls
[    5.545037] Initializing cgroup subsys perf_event
[    5.545903] Initializing cgroup subsys net_prio
[    5.546825] Initializing cgroup subsys hugetlb
[    5.547580] Initializing cgroup subsys pids
[    5.549706] mce: CPU supports 0 MCE banks
[    5.591293] Last level iTLB entries: 4KB 64, 2MB 8, 4MB 8
[    5.615026] Last level dTLB entries: 4KB 64, 2MB 0, 4MB 0, 1GB 4
[    5.616098] Spectre V2 : Mitigation: Full generic retpoline
[    5.648651] Spectre V2 : Spectre v2 mitigation: Speculation control IBPB not-supported IBRS not-supported
[    5.696047] Spectre V2 : Spectre v2 / SpectreRSB mitigation: Filling RSB on context switch
[    5.707222] Speculative Store Bypass: Vulnerable
[    5.710189] Freeing SMP alternatives memory: 32K
[    5.751246] ftrace: allocating 32265 entries in 127 pages
[    5.819961] smpboot: APIC(0) Converting physical 0 to logical package 0
[    5.847900] smpboot: Max logical packages: 1
[    5.848916] x2apic enabled
[    5.880777] Switched APIC routing to physical x2apic.
[    5.882629] ..TIMER: vector=0x30 apic1=0 pin1=2 apic2=-1 pin2=-1
[    6.023143] smpboot: CPU0: Intel(R) Core(TM) i5-7360U CPU @ 2.30GHz (family: 0x6, model: 0x8e, stepping: 0x9)
[    6.076854] Performance Events: unsupported p6 CPU model 142 no PMU driver, software events only.
[    6.119596] KVM setup paravirtual spinlock
[    6.164134] x86: Booting SMP configuration:
[    6.194904] .... node  #0, CPUs:      #1
[    6.201356] kvm-clock: cpu 1, msr 0:3ffe3041, secondary cpu clock
[    6.203835] mce: CPU supports 0 MCE banks
[    6.206349] x86: Booted up 1 node, 2 CPUs
[    6.219499] smpboot: Total of 2 processors activated (9215.99 BogoMIPS)
[    6.221107] devtmpfs: initialized
[    6.240323] evm: security.selinux
[    6.278392] evm: security.SMACK64
[    6.296715] evm: security.SMACK64EXEC
[    6.297434] evm: security.SMACK64TRANSMUTE
[    6.299432] evm: security.SMACK64MMAP
[    6.327694] evm: security.ima
[    6.328357] evm: security.capability
[    6.329317] clocksource: jiffies: mask: 0xffffffff max_cycles: 0xffffffff, max_idle_ns: 7645041785100000 ns
[    6.342165] futex hash table entries: 512 (order: 3, 32768 bytes)
[    6.343426] pinctrl core: initialized pinctrl subsystem
[    6.344473] RTC time: 13:19:50, date: 12/13/18
[    6.345486] NET: Registered protocol family 16
[    6.358664] cpuidle: using governor ladder
[    6.390449] cpuidle: using governor menu
[    6.402220] PCCT header not found.
[    6.426388] ACPI: bus type PCI registered
[    6.434159] acpiphp: ACPI Hot Plug PCI Controller Driver version: 0.5
[    6.467565] PCI: Using configuration type 1 for base access
[    6.491825] ACPI: Added _OSI(Module Device)
[    6.492700] ACPI: Added _OSI(Processor Device)
[    6.504792] ACPI: Added _OSI(3.0 _SCP Extensions)
[    6.535350] ACPI: Added _OSI(Processor Aggregator Device)
[    6.562934] ACPI: Executed 1 blocks of module-level executable AML code
[    6.587730] ACPI: Interpreter enabled
[    6.588457] ACPI: (supports S0 S5)
[    6.599191] ACPI: Using IOAPIC for interrupt routing
[    6.629857] PCI: Using host bridge windows from ACPI; if necessary, use "pci=nocrs" and report a bug
[    6.634690] ACPI: PCI Root Bridge [PCI0] (domain 0000 [bus 00-ff])
[    6.635795] acpi PNP0A03:00: _OSC: OS supports [ASPM ClockPM Segments MSI]
[    6.637238] acpi PNP0A03:00: _OSC: not requesting OS control; OS requires [ExtendedConfig ASPM ClockPM MSI]
[    6.670156] acpi PNP0A03:00: fail to add MMCONFIG information, can't access extended PCI configuration space under this bridge.
[    6.682118] PCI host bridge to bus 0000:00
[    6.689154] pci_bus 0000:00: root bus resource [io  0x0000-0x0cf7 window]
[    6.705804] pci_bus 0000:00: root bus resource [io  0x0d00-0xffff window]
[    6.706995] pci_bus 0000:00: root bus resource [mem 0x000a0000-0x000bffff window]
[    6.736081] pci_bus 0000:00: root bus resource [mem 0x40000000-0xfdffffff window]
[    6.798091] pci_bus 0000:00: root bus resource [bus 00-ff]
[    6.822719] pci 0000:00:01.1: legacy IDE quirk: reg 0x10: [io  0x01f0-0x01f7]
[    6.853573] pci 0000:00:01.1: legacy IDE quirk: reg 0x14: [io  0x03f6]
[    6.878875] pci 0000:00:01.1: legacy IDE quirk: reg 0x18: [io  0x0170-0x0177]
[    6.910874] pci 0000:00:01.1: legacy IDE quirk: reg 0x1c: [io  0x0376]
[    6.930883] pci 0000:00:07.0: quirk: [io  0x4000-0x403f] claimed by PIIX4 ACPI
[    6.968754] pci 0000:00:07.0: quirk: [io  0x4100-0x410f] claimed by PIIX4 SMB
[    7.037150] ACPI: PCI Interrupt Link [LNKA] (IRQs 5 9 10 *11)
[    7.071650] ACPI: PCI Interrupt Link [LNKB] (IRQs 5 9 *10 11)
[    7.096851] ACPI: PCI Interrupt Link [LNKC] (IRQs 5 *9 10 11)
[    7.121083] ACPI: PCI Interrupt Link [LNKD] (IRQs 5 9 10 *11)
[    7.122515] ACPI: Enabled 2 GPEs in block 00 to 07
[    7.123815] vgaarb: setting as boot device: PCI:0000:00:02.0
[    7.135873] vgaarb: device added: PCI:0000:00:02.0,decodes=io+mem,owns=io+mem,locks=none
[    7.191168] vgaarb: loaded
[    7.208877] vgaarb: bridge control possible 0000:00:02.0
[    7.213208] SCSI subsystem initialized
[    7.214069] ACPI: bus type USB registered
[    7.249831] usbcore: registered new interface driver usbfs
[    7.284423] usbcore: registered new interface driver hub
[    7.300517] usbcore: registered new device driver usb
[    7.331103] PCI: Using ACPI for IRQ routing
[    7.343430] NetLabel: Initializing
[    7.344140] NetLabel:  domain hash size = 128
[    7.345071] NetLabel:  protocols = UNLABELED CIPSOv4
[    7.346094] NetLabel:  unlabeled traffic allowed by default
[    7.347314] amd_nb: Cannot enumerate AMD northbridges
[    7.377000] clocksource: Switched to clocksource kvm-clock
[    7.407] pAorAprm Fesystem Enabled
[    7.760613] pnp: PnP ACPI int
[  7940]npPnAC: fod deces

[    8.222587] clocksource: acpi_pm: mask: 0xffffff max_cycles: 0xffffff, max_idle_ns: 2085701024 ns
[    8.340599] NET: Registered protocol family 2
[    8.427587] TCP established hash table entries: 8192 (order: 4, 65536 bytes)
[    8.567777] TCP bind hash table entries: 8192 (order: 5, 131072 bytes)
[    8.570539] TCP: Hash tables configured (established 8192 bind 8192)
[    8.589632] UDP hash table entries: 512 (order: 2, 16384 bytes)
[    8.740998] UDP-Lite hash table entries: 512 (order: 2, 16384 bytes)
[    8.801316] NET: Registered protocol family 1
[    8.802150] pci 0000:00:00.0: Limiting direct PCI/PCI transfers
[    8.803203] pci 0000:00:01.0: Activating ISA DMA hang workarounds
[    8.806091] Unpacking initramfs...
[    9.029678] Freeing initrd memory: 14796K
[    9.141079] platform rtc_cmos: registered platform RTC device (no PNP device found)
[    9.271162] Scanning for low memory corruption every 60 seconds
[    9.348485] audit: initializing netlink subsys (disabled)
[    9.411065] audit: type=2000 audit(1544707191.205:1): initialized
[    9.519617] Initialise system trusted keyring
[    9.660759] HugeTLB registered 2 MB page size, pre-allocated 0 pages
[    9.801914] zbud: loaded
[    9.847776] VFS: Disk quotas dquot_6.6.0
[    9.908424] VFS: Dquot-cache hash table entries: 512 (order 0, 4096 bytes)
[    9.909839] squashfs: version 4.0 (2009/01/31) Phillip Lougher
[    9.924293] fuse init (API version 7.23)
[    9.925698] Key type big_key registered
[    9.928035] Allocating IMA MOK and blacklist keyrings.
[    9.932281] Key type asymmetric registered
[    9.933607] Asymmetric key parser 'x509' registered
[    9.941367] Block layer SCSI generic (bsg) driver version 0.4 loaded (major 249)
[    9.945786] io scheduler noop registered
[    9.948090] io scheduler deadline registered (default)
[    9.956030] io scheduler cfq registered
[    9.961886] pci_hotplug: PCI Hot Plug PCI Core version: 0.5
[    9.998543] pciehp: PCI Express Hot Plug Controller Driver version: 0.4
[   10.140587] tsc: Refined TSC clocksource calibration: 2303.121 MHz
[   10.150134] ACPI: AC Adapter [AC] (on-line)
[   10.150187] input: Power Button as /devices/LNXSYSTM:00/LNXPWRBN:00/input/input0
[   10.150189] ACPI: Power Button [PWRF]
[   10.150239] input: Sleep Button as /devices/LNXSYSTM:00/LNXSLPBN:00/input/input1
[   10.150241] ACPI: Sleep Button [SLPF]
[   10.150382] GHES: HEST is not enabled!
[   10.274786] Serial: 8250/16550 driver, 32 ports, IRQ sharing enabled
[   10.362493] 00:02: ttyS0 at I/O 0x3f8 (irq = 4, base_baud = 115200) is a 16550A
[   10.364109] Linux agpgart interface v0.103
[   10.366380] loop: module loaded
[   10.366775] scsi host0: ata_piix
[   10.366817] scsi host1: ata_piix
[   10.366840] ata1: PATA max UDMA/33 cmd 0x1f0 ctl 0x3f6 bmdma 0xd000 irq 14
[   10.366841] ata2: PATA max UDMA/33 cmd 0x170 ctl 0x376 bmdma 0xd008 irq 15
[   10.366893] libphy: Fixed MDIO Bus: probed
[   10.366895] tun: Universal TUN/TAP device driver, 1.6
[   10.366896] tun: (C) 1999-2004 Max Krasnyansky <maxk@qualcomm.com>
[   10.367157] PPP generic driver version 2.4.2
[   10.367202] ehci_hcd: USB 2.0 'Enhanced' Host Controller (EHCI) Driver
[   10.367205] ehci-pci: EHCI PCI platform driver
[   10.367216] ehci-platform: EHCI generic platform driver
[   10.367221] ohci_hcd: USB 1.1 'Open' Host Controller (OHCI) Driver
[   10.367224] ohci-pci: OHCI PCI platform driver
[   10.367230] ohci-platform: OHCI generic platform driver
[   10.367235] uhci_hcd: USB Universal Host Controller Interface driver
[   10.367276] i8042: PNP: PS/2 Controller [PNP0303:PS2K,PNP0f03:PS2M] at 0x60,0x64 irq 1,12
[   10.367704] serio: i8042 KBD port at 0x60,0x64 irq 1
[   10.367707] serio: i8042 AUX port at 0x60,0x64 irq 12
[   10.367778] mousedev: PS/2 mouse device common for all mice
[   10.367985] input: AT Translated Set 2 keyboard as /devices/platform/i8042/serio0/input/input2
[   10.368248] rtc_cmos rtc_cmos: rtc core: registered rtc_cmos as rtc0
[   10.368290] rtc_cmos rtc_cmos: alarms up to one day, 114 bytes nvram
[   10.368294] i2c /dev entries driver
[   10.368334] device-mapper: uevent: version 1.0.3
[   10.368374] device-mapper: ioctl: 4.34.0-ioctl (2015-10-28) initialised: dm-devel@redhat.com
[   10.368388] ledtrig-cpu: registered to indicate activity on CPUs
[   10.368631] NET: Registered protocol family 10
[   10.368783] NET: Registered protocol family 17
[   10.368792] Key type dns_resolver registered
[   10.368969] registered taskstats version 1
[   10.368979] Loading compiled-in X.509 certificates
[   10.369453] Loaded X.509 cert 'Build time autogenerated kernel key: 20acc96b50ca7641011eace69d32209215a9b56f'
[   10.369468] zswap: loaded using pool lzo/zbud
[   10.370785] Key type trusted registered
[   10.372709] Key type encrypted registered
[   10.372715] AppArmor: AppArmor sha1 policy hashing enabled
[   10.372717] ima: No TPM chip found, activating TPM-bypass!
[   10.372723] ima: Allocated hash algorithm: sha1
[   10.372733] evm: HMAC attrs: 0x1
[   10.372976]   Magic number: 14:662:331
[   10.372993] tty tty52: hash matches
[   10.373518] rtc_cmos rtc_cmos: setting system clock to 2018-12-13 13:19:54 UTC (1544707194)
[   10.373580] BIOS EDD facility v0.16 2004-Jun-25, 0 devices found
[   10.373580] EDD information not available.
[   12.088480] clocksource: tsc: mask: 0xffffffffffffffff max_cycles: 0x2132b96286a, max_idle_ns: 440795235202 ns
[   12.091809] Freeing unused kernel memory: 1528K
[   12.101073] Write protecting the kernel read-only data: 14336k
[   12.107046] Freeing unused kernel memory: 1672K
[   12.767835] Freeing unused kernel memory: 92K
Loading, please [   13.118972] random: systemd-udevd: uninitialized urandom read (16 bytes read, 7 bits of entropy available)
wait...
startin[   13.119374] random: udevadm: uninitialized urandom read (16 bytes read, 7 bits of entropy available)
g version 229
[   13.119388] random: udevadm: uninitialized urandom read (16 bytes read, 7 bits of entropy available)
[   13.125135] random: udevadm: uninitialized urandom read (16 bytes read, 7 bits of entropy available)
[   13.125169] random: udevadm: uninitialized urandom read (16 bytes read, 7 bits of entropy available)
[   13.125268] random: udevadm: uninitialized urandom read (16 bytes read, 7 bits of entropy available)
[   13.125304] random: udevadm: uninitialized urandom read (16 bytes read, 7 bits of entropy available)
[   13.125339] random: udevadm: uninitialized urandom read (16 bytes read, 7 bits of entropy available)
[   13.125376] random: udevadm: uninitialized urandom read (16 bytes read, 7 bits of entropy available)
[   13.125410] random: udevadm: uninitialized urandom read (16 bytes read, 7 bits of entropy available)
[   13.466027] e1000: Intel(R) PRO/1000 Network Driver - version 7.3.21-k8-NAPI
[   13.467267] e1000: Copyright (c) 1999-2006 Intel Corporation.
[   13.468266] Fusion MPT base driver 3.04.20
[   13.469161] Copyright (c) 1999-2008 LSI Corporation
[   13.476102] Fusion MPT SPI Host driver 3.04.20
[   13.501022] AVX2 version of gcm_enc/dec engaged.
[   13.502086] AES CTR mode by8 optimization enabled
[   13.731063] input: ImExPS/2 Generic Explorer Mouse as /devices/platform/i8042/serio1/input/input4
[   13.849251] e1000 0000:00:03.0 eth0: (PCI:33MHz:32-bit) 02:20:67:8c:d5:af
[   13.899296] e1000 0000:00:03.0 eth0: Intel(R) PRO/1000 Network Connection
[   14.360364] e1000 0000:00:08.0 eth1: (PCI:33MHz:32-bit) 08:00:27:ea:d0:14
[   14.447244] e1000 0000:00:08.0 eth1: Intel(R) PRO/1000 Network Connection
[   14.480310] e1000 0000:00:03.0 enp0s3: renamed from eth0
[   14.515729] mptbase: ioc0: Initiating bringup
[   14.553527] e1000 0000:00:08.0 enp0s8: renamed from eth1
[   14.617393] ioc0: LSI53C1030 A0: Capabilities={Initiator}
[   15.515006] scsi host2: ioc0: LSI53C1030 A0, FwRev=00000000h, Ports=1, MaxQ=256, IRQ=20
[   17.025929] scsi 2:0:0:0: Direct-Access     VBOX     HARDDISK         1.0  PQ: 0 ANSI: 5
[   17.044112] scsi target2:0:0: Beginning Domain Validation
[   17.051858] scsi target2:0:0: Domain Validation skipping write tests
[   17.086846] scsi target2:0:0: Ending Domain Validation
[   17.509944] scsi target2:0:0: asynchronous
[   17.516949] scsi 2:0:1:0: Direct-Access     VBOX     HARDDISK         1.0  PQ: 0 ANSI: 5
[   17.527214] scsi target2:0:1: Beginning Domain Validation
[   17.528928] scsi target2:0:1: Domain Validation skipping write tests
[   17.529943] scsi target2:0:1: Ending Domain Validation
[   17.530848] scsi target2:0:1: asynchronous
[   17.538194] sd 2:0:0:0: [sda] 20971520 512-byte logical blocks: (10.7 GB/10.0 GiB)
[   17.540105] sd 2:0:0:0: Attached scsi generic sg0 type 0
[   17.565088] sd 2:0:0:0: [sda] Write Protect is off
[   17.574330] sd 2:0:1:0: [sdb] 20480 512-byte logical blocks: (10.5 MB/10.0 MiB)
[   17.591747] sd 2:0:1:0: Attached scsi generic sg1 type 0
[   17.623255] sd 2:0:0:0: [sda] Incomplete mode parameter data
[   17.623435] sd 2:0:1:0: [sdb] Write Protect is off
[   17.623540] sd 2:0:1:0: [sdb] Incomplete mode parameter data
[   17.623541] sd 2:0:1:0: [sdb] Assuming drive cache: write through
[   17.624803] sd 2:0:1:0: [sdb] Attached SCSI disk
[   17.980267] sd 2:0:0:0: [sda] Assuming drive cache: write through
[   18.055432]  sda: sda1
[   18.437795] sd 2:0:0:0: [sda] Attached SCSI disk
Begin: Loading e[   19.830583] md: linear personality registered for level -1
ssential drivers[   19.892024] md: multipath personality registered for level -4
 ... [   19.901573] md: raid0 personality registered for level 0
[   19.911854] md: raid1 personality registered for level 1
[   19.981154] raid6: sse2x1   gen() 12228 MB/s
[   20.081084] raid6: sse2x1   xor()  8995 MB/s
[   20.193172] raid6: sse2x2   gen() 15050 MB/s
[   20.293362] raid6: sse2x2   xor() 10417 MB/s
[   20.409260] raid6: sse2x4   gen() 16896 MB/s
[   20.493095] raid6: sse2x4   xor() 11491 MB/s
[   20.565529] raid6: avx2x1   gen() 24113 MB/s
[   20.645170] raid6: avx2x2   gen() 28342 MB/s
[   20.737516] raid6: avx2x4   gen() 29903 MB/s
[   20.738529] raid6: using algorithm avx2x4 gen() 29903 MB/s
[   20.744969] raid6: using avx2x2 recovery algorithm
[   20.746846] xor: automatically using best checksumming function:
[   20.813075]    avx       : 27148.000 MB/sec
[   20.828181] async_tx: api initialized (async)
[   20.852237] md: raid6 personality registered for level 6
[   20.873944] md: raid5 personality registered for level 5
[   20.895013] md: raid4 personality registered for level 4
[   20.918807] md: raid10 personality registered for level 10
done.
Begin: Running /scripts/init-premount ... done.
Begin: Mounting root file system ... Begin: Running /scripts/local-top ... done.
Begin: Running /scripts/local-premount ..[   20.951028] Btrfs loaded
. Scanning for Btrfs filesystems
done.
Warning: fsck no[   21.010070] EXT4-fs (sda1): mounted filesystem with ordered data mode. Opts: (null)
t present, so skipping root file system
done.
Begin: Running /scripts/local-bottom ... done.
Begin: Running /scripts/init-bottom ... done.
[   21.097976] systemd[1]: systemd 229 running in system mode. (+PAM +AUDIT +SELINUX +IMA +APPARMOR +SMACK +SYSVINIT +UTMP +LIBCRYPTSETUP +GCRYPT +GNUTLS +ACL +XZ -LZ4 +SECCOMP +BLKID +ELFUTILS +KMOD -IDN)
[   21.121873] systemd[1]: Detected virtualization oracle.
[   21.127178] systemd[1]: Detected architecture x86-64.

Welcome to [1mUbuntu 16.04.5 LTS[0m!

[   21.132222] systemd[1]: Set hostname to <ubuntu>.
[   21.135212] systemd[1]: Initializing machine ID from random generar.[ 21.242923] systemd[1]: Installed transient /etc/machine-id file.

[   21.471386] systemd[1]: Listening on Journal Socket (/dev/log).
[[0;32m  OK  [0m] Listening on Journal Socket (/dev/log).
[   21.473538] systemd[1]: Started Forward Password Requests to Wall Directory Watch.
[[0;32m  OK  [0m] Started Forward Password Requests to Wall Directory Watch.
[   21.476623] systemd[1]: Listening on Sysg Socket.
[[0;32m  OK  [0m] Listening on Syslog Socket.
[  1.20] stmd[1]: Reached target Encrypted Volumes.
[[0;32m  OK  [0m] Reached target Encrypted Volumes.
[   21.775520] systemd[1]: Set up automount Arbitrary Executable File Formats File System Automount Point.
[[0;32m  OK  [0m] Set up automount Arbitrary Executab...ats File System Automount Point.
[ 21.78557] std[1]: Reached target System Time Synchroized.
[[0;32m  OK  [0m] Reached target System Time Synchronized.
[ 22589]ysmd]:taed Trigger resolvconf update for network D.
[[0;32m  OK  [0m] Started Trigger resolvconf update for networkd DNS.
[ 22691135] systemd[1]: Listening on Journal Socket.
[[0;32m  OK  [0m] Listening on Journal Socket.
[ 2255357]ysmd[1]: Listening on LVM2 metadata daemon socket.
[[0;32m  OK  [0m] Listening on LVM2 metadata daemon socket.
[   23.027121] systemd[1]: Reached target Swap.
[[0;32m  OK  [0m] Reached target Swap.
[   23.029198] systemd[1]: Reached target User and Group Name Lookups.
[[0;32m  OK  [0m] Reached target User and Group Name Lookups.
[   23.031773] systemd[1]: Listening on Device-mappe event daemon FIFOs.
[[0;32m  OK  [0m] Listening on Device-mapper event daemon FIFOs.
[   23.091748] systemd[1]: Listning n url Audit ck. [[0;32m  OK  [0m] Listening on Journal Audit Socket.
[   23.6046] systemd[1]Lienng on /dev/initctl Compatibility Named Pipe.
[[0;32m  OK  [0m] Listening on /dev/initctl Compatibility Named Pipe.
[   23.783447] systemd[1]: Listening on udev Control Socket.
[[0;32m  OK  [0m] Listening on udev Control Socket.
[   23.785786] systemd[1]: Created slice User and Session Slice.
[[0;32m  OK  [0m] Created slice User and Session Slice.
[  24.0494 sstd[: stinon LVM2 poll daemosocket.
[[0;32m  OK  [0m] Listening on LVM2 poll daemon socket.
[  24.549185] systemd[1]: Created slice System Slice.
[[0;32m  OK  [0m] Created slice System Slice.
[   24.621569] systemd[1]: Starting Set console keymap...
[   24.641878] random: nonblocking pool is initialized
         Starting Set console keymap...
[   24.658209] systemd[1]: Starting Journal Service...
         Starting Journal Service...
[   24.665389] systemd[1]: Starting Load Kernel Modules...
         Starting Load Kernel Modules...
[   24.704904] systemd[1]: Mounting Huge Pages File System...
         Mounting Huge Pages File System...
[   24.727077] Loading iSCSI transport class v2.0-870.
[   24.728730] systemd[1]: Starting Remount Root and Kernel File Systems...
         Starting Remount Root and Kernel File Systems...
[   24.731950] systemd[1]: Mounting Debug File System...
[   24.734170] EXT4-fs (sda1): re-mounted. Opts: (null)
         Mounting Debug File System...
[   24.736951] systemd[1]: Starting Nameserver information manager...
         Starting Nameser[   24.743622] iscsi: registered transport (tcp)
ver information manager...
[   24.781859] iscsi: registered transport (iser)
[   24.75] std[]:tarting Create list of requir stidevice nodes for the current kernel...

         Starting Create list of required st... nodes for the current kernel...
[   25.225272] systemd[1]: Created slice system-serial\x2dgetty.slice.
[[0;32m  OK  [0m] Created slice system-serial\x2dgetty.slice.
[   25.269327] systemd[1]: Mounting POSIX Message Queue File System...
         Mounting POSIX Message Queue File System...
[   25.329302] systemd[1]: Starting Uncomplicated firewall...
         Starting Uncomplicated firewall...
[   25.358211] systemd[1]: Starting Monitoring of LVM2 mirrors, snapshots etc. using dmeventd or progress polling...
         Starting Monitoring of LVM2 mirrors... dmeventd or progress polling...
[   25.450690] systemd[1]: Reached target Slices.
[[0;32m  OK  [0m] Reached target Slices.
[   25.452683] systemd[1]: Listening on udev Kernel Socket.
[[0;32m  OK  [0m] Listening on udev Kernel Socket.
[ 25.470642] systemd[1]: Mounted Huge Pages File System.
[[0;32m  OK  [0m] Mounted Huge Pages File System.
[   25.531187] systemd[1]: Mounted POSIX Message Queue File System.
[[0;32m  OK  [0m] Mounted POSIX Message Queue File System.
[ 25621]ysemd[1]: Mounted Debu Fe st.
[[0;32m  OK  [0m] Mounted Debug File System.
[   26.005460] syste[1: Started oualerce
[[0;32m  OK  [0m] Started Journal Service.
[[0;32m  OK  [0m] Started Set console keymap.
[[0;32m  OK  [0m] Started Load Kernel Modules.
[[0;32m  OK  [0m] Started Remount Root and Kernel File Systems.
[[0;32m  OK  [0m] Started Create list of required sta...ce nodes for the current kernel.
[[0;32m  OK  [0m] Started Uncomplicated firewall.
[[0;32m  OK  [0m] Started Nameserver information manager.
[[0;32m  OK  [0m] Started LVM2 metadata daemon.
         Starting Create Static Device Nodes in /dev...
         Starting Load/Save Random Seed...
         Starting udev Coldplug all Devices...
         Starting Apply Kernel Variables...
         Mounting FUSE Control File System...
         Starting Flush Journal to Persistent Storage...
[[0;32m  OK  [0m] Mounted FUSE Control File System.
[[0;32m  OK  [0m] Started Create Static Device Nodes in /dev.
[[0;32m  OK  [0m] Started Load/Save Random Seed.
[[0;32m  OK  [0m] Started Apply Kernel Variables.
[[0;32m  OK  [0m] Started udev Coldplug all Devices.
[[0;32m  OK  [0m] Started Flush Journal to Persistent Storage.
         Starting udev Kernel Device Manager...
[[0;32m  OK  [0m] Started udev Kernel Device Manager.
[[0;32m  OK  [0m] Started Dispatch Password Requests to Console Directory Watch.
[[0;32m  OK  [0m] Started Monitoring of LVM2 mirrors,...ng dmeventd or progress polling.
[[0;32m  OK  [0m] Reached target Local File Systems (Pre).
[[0;32m  OK  [0m] Reached target Local File Systems.
         Starting Commit a transient machine-id on disk...
         Starting Set console font and keymap...
         Starting LSB: AppArmor initialization...
         Starting Initial cloud-init job (pre-networking)...
         Starting Create Volatile Files and Directories...
         Starting Tell Plymouth To Write Out Runtime Data...
[[0;32m  OK  [0m] Started Commit a transient machine-id on disk.
[[0;32m  OK  [0m] Started Create Volatile Files and Directories.
[[0;32m  OK  [0m] Started Tell Plymouth To Write Out Runtime Data.
[[0;32m  OK  [0m] Found device /dev/ttyS0.
[[0;32m  OK  [0m] Listening on Load/Save RF Kill Switch Status /dev/rfkill Watch.
         Starting Update UTMP about System Boot/Shutdown...
[[0;32m  OK  [0m] Started Update UTMP about System Boot/Shutdown.
[   20.946436] cloud-init[516]: Cloud-init v. 18.3-9-g2e62cb8a-0ubuntu1~16.04.2 running 'init-local' at Thu, 13 Dec 2018 13:20:11 +0000. Up 20.54 seconds.
[[0;32m  OK  [0m] Started Initial cloud-init job (pre-networking).
[[0;32m  OK  [0m] Reached target Network (Pre).
[[0;32m  OK  [0m] Started Set console font and keymap.
[[0;32m  OK  [0m] Created slice system-getty.slice.
[[0;32m  OK  [0m] Started LSB: AppArmor initialization.
         Starting Raise network interfaces...
[[0;32m  OK  [0m] Started Raise network interfaces.
         Starting Initial cloud-init job (metadata service crawler)...
[[0;32m  OK  [0m] Reached target Network.
[   22.065126] cloud-init[926]: Cloud-init v. 18.3-9-g2e62cb8a-0ubuntu1~16.04.2 running 'init' at Thu, 13 Dec 2018 13:20:12 +0000. Up 21.59 seconds.
[   22.069697] cloud-init[926]: ci-info: ++++++++++++++++++++++++++++++++++++++Net device info+++++++++++++++++++++++++++++++++++++++
[   22.071828] cloud-init[926]: ci-info: +--------+-------+----------------------------+---------------+--------+-------------------+
[   22.176431] cloud-init[926]: ci-info: | Device |   Up  |          Address           |      Mask     | Scope  |     Hw-Address    |
[[0;32m  OK  [0m] Started Initial cloud-init job (metadata service crawler).
[   22.347587] cloud-init[926]: ci-info: +--------+-------+----------------------------+---------------+--------+-------------------+
[   22.401685] cloud-init[926]: ci-info: | enp0s3 |  True |         10.0.2.15          | 255.255.255.0 | global | 02:20:67:8c:d5:af |
[[0;32m  OK  [0m] Reached target System Initialization.
[[   22.401810] cloud-init[926]: ci-info: | enp0s3 |  True | fe80::20:67ff:fe8c:d5af/64 |       .       |  link  | 02:20:67:8c:d5:af |
[   22.467426] cloud-init[926]: ci-info: | enp0s8 | False |             .              |       .       |   .    | 08:00:27:ea:d0:14 |
[   22.467541] cloud-init[926]: ci-info: |   lo   |  True |         127.0.0.1          |   255.0.0.0   |  host  |         .         |
[   22.467683] cloud-init[926]: ci-info: |   lo   |  True |          ::1/128           |       .       |  host  |         .         |
[   22.467831] cloud-init[926]: ci-info: +--------+-------+----------------------------+---------------+--------+-------------------+
[   22.467987] cloud-init[926]: ci-info: +++++++++++++++++++++++++++Route IPv4 info++++++++++++++++++++++++++++
[   22.468149] cloud-init[926]: ci-info: +-------+-------------+----------+---------------+-----------+-------+
[0;32m  OK  [0m] Started Daily apt download activities.
[   22.468307] cloud-init[926]: ci-info: | Route | Destination | Gateway  |    Genmask    | Interface | Flags |
         Starting LXD - unix socket.[   22.476831] cloud-init[926]: ci-info: +-------+-------------+----------+---------------+-----------+-------+
[   22.476978] cloud-init[926]: ci-info: |   0   |   0.0.0.0   | 10.0.2.2 |    0.0.0.0    |   enp0s3  |   UG  |
[   22.477120] cloud-init[926]: ci-info: |   1   |   10.0.2.0  | 0.0.0.0  | 255.255.255.0 |   enp0s3  |   U   |

[[   22.477270] cloud-init[926]: ci-info: +-------+-------------+----------+---------------+-----------+-------+
[   22.650022] cloud-init[926]: ci-info: +++++++++++++++++++Route IPv6 info+++++++++++++++++++
[0;32m  OK  [0m] Started Daily Cleanup of Temporary Directories.
[[   22.650219] cloud-init[926]: ci-info: +-------+-------------+---------+-----------+-------+
[   22.681604] cloud-init[926]: ci-info: | Route | Destination | Gateway | Interface | Flags |
[   22.681718] cloud-init[926]: ci-info: +-------+-------------+---------+-----------+-------+
[   22.681869] cloud-init[926]: ci-info: |   0   |  fe80::/64  |    ::   |   enp0s3  |   U   |
[   22.682042] cloud-init[926]: [0;32m  OK  [0mci-info: |   3   |   ff00::/8  |    ::   |   enp0s3  |   U   |] 
Listening on D-Bus System Message Bus Socket.
[[   22.682205] cloud-init[926]: ci-info: +-------+-------------+---------+-----------+-------+
[   23.200092] cloud-init[926]: Generating public/private rsa key pair.
[   23.200456] cloud-init[926]: Your identification has been saved in /etc/ssh/ssh_host_rsa_key.
[   23.200762] cloud-init[926]: Your public key has been saved in /etc/ssh/ssh_host_rsa_key.pub.
[   23.201026] cloud-init[926]: The key fingerprint is:
[   23.201317] cloud-init[926]: SHA256:WLszrdKGXh/iNbVtbOGzr/W/rS+LUVq4TZW0RGeBy+g root@ubuntu-xenial
[   23.201448] cloud-init[926]: The key's randomart image is:
[   23.201659] cloud-init[926]: +---[RSA 2048]----+
[   23.201789] cloud-init[926]: |              o=+|
[   23.202010] cloud-init[926]: |             .o.+|
[   23.202142] cloud-init[926]: |        .   o .o.|
[   23.202306] cloud-init[926]: |       o . . + . |
[   23.202458] cloud-init[926]: |      . S . o =  |
[   23.202604] cloud-init[926]: |         o E % . |
[   23.202754] cloud-init[926]: |       o* = = O .|
[   23.202907] cloud-init[926]: |      oooB o =.+o|
[   23.203059] cloud-init[926]: |     ..oo . . =OO|
[   23.203209] cloud-init[926]: +----[SHA256]-----+
[   23.203362] cloud-init[926]: Generating public/private dsa key pair.
[   23.203512] cloud-init[926]: Your identification has been saved in /etc/ssh/ssh_host_dsa_key.
[   23.203665] cloud-init[926]: Your public key has been saved in /etc/ssh/ssh_host_dsa_key.pub.
[   23.203816] cloud-init[926]: The key fingerprint is:
[   23.203967] cloud-init[926]: SHA256:I2yqFC6OeIa5nRyg/V+clIxNdxtM2rPQtOpVnKoqtt0 root@ubuntu-xenial
[   23.204278] cloud-init[926]: The key's randomart image is:
[   23.204427] cloud-init[926]: +---[DSA 1024]----+
[   23.204577] cloud-init[926]: |            o    |
[   23.204731] cloud-init[926]: |           B o . |
[   23.204879] cloud-init[926]: |        . + O +  |
[   23.205029] cloud-init[926]: |     . = o + B   |
[   23.205181] cloud-init[926]: |. .   = S . =    |
[   23.205332] cloud-init[926]: |.+ . o + + o     |
[   23.205484] cloud-init[926]: |oo= .   + o      |
[   23.205636] cloud-init[926]: |*=o=  oo o       |
[   23.205788] cloud-init[926]: |+== .oooo E      |
[   23.205938] cloud-init[926]: +----[SHA256]-----+
[   23.206090] cloud-init[926]: Generating public/private ecdsa key pair.
[   23.206241] cloud-init[926]: Your identification has been saved in /etc/ssh/ssh_host_ecdsa_key.
[   23.206396] cloud-init[926]: Your public key has been saved in /etc/ssh/ssh_host_ecdsa_key.pub.
[0;32m  OK  [0m] Listening on ACPID Listen Socket.
[   23.206574] cloud-init[926]: The key fingerprint is:
[[   23.206614] cloud-init[926]: SHA256:GtMnsscvcQPFarSrU9rubGx7Klj9OKZMOJde7exHHzo root@ubuntu-xenial
[0;32m  OK  [0m] Started Daily apt upgrade and clean activities.
[   24.449265] cloud-init[926]: The key's randomart image is:
[   24.657460] cloud-init[926]: +---[ECDSA 256]---+
[   24.657796] cloud-init[926]: |         .       |
[[0;32m  OK  [0m] Reached target Timers.
[   24.658113] cloud-init[926]: |        . o      |
[   24.793194] cloud-init[926]: |       . +       |
[   24.793327] cloud-init[926]: |       .=        |
[   24.793458] cloud-init[926]: |      +oSo.      |
[   24.793595] cloud-init[926]: |     ..O=+o . .  |
[   24.793753] cloud-init[926]: |    oo**+=.o o . |
[   24.793911] cloud-init[926]: |    .*=+X+o E .  |
[   24.794053] cloud-init[926]: |      +X*B=. .   |
[   24.794202] cloud-init[926]: +----[SHA256]-----+
[   24.794350] cloud-init[926]: Generating public/private ed25519 key pair.
[   24.794500] cloud-init[926]: Your identification has been saved in /etc/ssh/ssh_host_ed25519_key.
[   24.794650] cloud-init[926]: Your public key has been saved in /etc/ssh/ssh_host_ed25519_key.pub.
[   24.794797] cloud-init[926]: The key fingerprint is:
[   24.794947] cloud-init[926]: SHA256:T8bSXgfIEGxbcmY9uuEkZkjioPyx9cLoSi+KiI7lQQc root@ubuntu-xenial
[   24.795096] cloud-init[926]: The key's randomart image is:
[   24.795250] cloud-init[926]: +--[ED25519 256]--+
[   24.795404] cloud-init[926]: |       .o. .     |
[   24.795556] cloud-init[926]: |  . . . +o=.o    |
[   24.795942] cloud-init[926]: |..Eo o o Bo...   |
[[0;32m  OK  [0m] Listening on UUID daemon activation socket.
[   24.796069] cloud-init[926]: |.. o... =o+  .   |
[   24.885243] cloud-init[926]: |  o B .oS+=o. .  |
[[0;32m  OK  [0m] Started ACPI Events Check.
[[   24.886155] cloud-init[926]: | . = o . *o. .   |
[   25.002016] cloud-init[926]: | .+   .   o      |
[   25.002176] cloud-init[926]: |*+.o             |
[   25.002311] cloud-init[926]: |Oo+.             |
[   25.002467] cloud-init[926]: +----[SHA256]-----+
[0;32m  OK  [0m] Reached target Paths.
         Starting Socket activation for snappy daemon.
[[0;32m  OK  [0m] Reached target Cloud-config availability.
[[0;32m  OK  [0m] Reached target Network is Online.
         Starting iSCSI initiator daemon (iscsid)...
[[0;32m  OK  [0m] Listening on LXD - unix socket.
[[0;32m  OK  [0m] Listening on Socket activation for snappy daemon.
[[0;32m  OK  [0m] Reached target Sockets.
[[0;32m  OK  [0m] Reached target Basic System.
         Starting Pollinate to seed the pseudo random number generator...
[[0;32m  OK  [0m] Started FUSE filesystem for LXC.
         Starting /etc/rc.local Compatibility...
[[0;32m  OK  [0m] Started Unattended Upgrades Shutdown.
         Starting System Logging Service...
         Starting Login Service...
[[0;32m  OK  [0m] Started Regular background program processing daemon.
         Starting LSB: Record successful boot for GRUB...
[[0;32m  OK  [0m] Started D-Bus System Message Bus.
         Starting LSB: MD monitoring daemon...
         Starting Accounts Service...
[[0;32m  OK  [0m] Started Deferred execution scheduler.
[[0;32m  OK  [0m] Started ACPI event daemon.
         Starting Virtualbox guest utils...
         Starting Snappy daemon...
         Starting LXD - container startup/shutdown...
[[0;32m  OK  [0m] Started System Logging Service.
[[0;32m  OK  [0m] Started iSCSI initiator daemon (iscsid).
[[0;32m  OK  [0m] Started /etc/rc.local Compatibility.
[[0;32m  OK  [0m] Started LXD - container startup/shutdown.
[[0;32m  OK  [0m] Started LSB: Record successful boot for GRUB.
[[0;32m  OK  [0m] Started LSB: MD monitoring daemon.
[[0;32m  OK  [0m] Started Login Service.
[[0;32m  OK  [0m] Started Virtualbox guest utils.
[[0;32m  OK  [0m] Started Pollinate to seed the pseudo random number generator.
[[0;32m  OK  [0m] Started Snappy daemon.
         Starting Wait until snapd is fully seeded...
         Starting OpenBSD Secure Shell server...
         Starting Authenticate and Authorize Users to Run Privileged Tasks...
         Starting Login to default iSCSI targets...
[[0;32m  OK  [0m] Started Authenticate and Authorize Users to Run Privileged Tasks.
[[0;32m  OK  [0m] Started Accounts Service.
[[0;32m  OK  [0m] Started OpenBSD Secure Shell server.
[[0;32m  OK  [0m] Started Login to default iSCSI targets.
[[0;32m  OK  [0m] Reached target Remote File Systems (Pre).
[[0;32m  OK  [0m] Reached target Remote File Systems.
         Starting Permit User Sessions...
         Starting LSB: automatic crash report generation...
         Starting LSB: Set the CPU Frequency Scaling governor to "ondemand"...
         Starting LSB: daemon to balance interrupts for SMP systems...
[[0;32m  OK  [0m] Started Permit User Sessions.
         Starting Terminate Plymouth Boot Screen...
         Starting Hold until boot process finishes up...
[[0;32m  OK  [0m] Started LSB: automatic crash report generation.
[[0;32m  OK  [0m] Started LSB: Set the CPU Frequency Scaling governor to "ondemand".
[[0;32m  OK  [0m] Started LSB: daemon to balance interrupts for SMP systems.
[[0;32m  OK  [0m] Started Terminate Plymouth Boot Screen.
[[0;32m  OK  [0m] Started Hold until boot process finishes up.
[[0;32m  OK  [0m] Started Getty on tty1.
[[0;32m  OK  [0m] Started Serial Getty on ttyS0.
[[0;32m  OK  [0m] Reached target Login Prompts.
         Starting Set console scheme...
[[0;32m  OK  [0m] Started Set console scheme.
[[0;32m  OK  [0m] Created slice User Slice of vagrant.
         Starting User Manager for UID 1000...
[[0;32m  OK  [0m] Started Session 1 of user vagrant.
[[0;32m  OK  [0m] Started User Manager for UID 1000.
[[0;32m  OK  [0m] Started Wait until snapd is fully seeded.
[[0;32m  OK  [0m] Reached target Multi-User System.
[[0;32m  OK  [0m] Reached target Graphical Interface.
         Starting Update UTMP about System Runlevel Changes...
         Starting Apply the settings specified in cloud-config...
[[0;32m  OK  [0m] Started Update UTMP about System Runlevel Changes.
[   29.982277] cloud-init[1313]: Generating locales (this might take a while)...
         Stopping User Manager for UID 1000...
[[0;32m  OK  [0m] Stopped User Manager for UID 1000.
[[0;32m  OK  [0m] Removed slice User Slice of vagrant.
[   30.632712] cloud-init[1313]:   en_US.UTF-8... done
[   30.668852] cloud-init[1313]: Generation complete.
[[0;32m  OK  [0m] Created slice User Slice of vagrant.
         Starting User Manager for UID 1000...
[[0;32m  OK  [0m] Started User Manager for UID 1000.
[[0;32m  OK  [0m] Started Session 2 of user vagrant.
[   30.917863] cloud-init[1313]: Cloud-init v. 18.3-9-g2e62cb8a-0ubuntu1~16.04.2 running 'modules:config' at Thu, 13 Dec 2018 13:20:20 +0000. Up 29.85 seconds.
[[0;32m  OK  [0m] Started Apply the settings specified in cloud-config.
         Starting Execute cloud user/final scripts...
ci-info: no authorized ssh keys fingerprints found for user ubuntu.
<14>Dec 13 13:20:22 ec2: 
<14>Dec 13 13:20:22 ec2: #############################################################
<14>Dec 13 13:20:22 ec2: -----BEGIN SSH HOST KEY FINGERPRINTS-----
<14>Dec 13 13:20:22 ec2: 1024 SHA256:I2yqFC6OeIa5nRyg/V+clIxNdxtM2rPQtOpVnKoqtt0 root@ubuntu-xenial (DSA)
<14>Dec 13 13:20:22 ec2: 256 SHA256:GtMnsscvcQPFarSrU9rubGx7Klj9OKZMOJde7exHHzo root@ubuntu-xenial (ECDSA)
<14>Dec 13 13:20:22 ec2: 256 SHA256:T8bSXgfIEGxbcmY9uuEkZkjioPyx9cLoSi+KiI7lQQc root@ubuntu-xenial (ED25519)
<14>Dec 13 13:20:22 ec2: 2048 SHA256:WLszrdKGXh/iNbVtbOGzr/W/rS+LUVq4TZW0RGeBy+g root@ubuntu-xenial (RSA)
<14>Dec 13 13:20:22 ec2: -----END SSH HOST KEY FINGERPRINTS-----
<14>Dec 13 13:20:22 ec2: #############################################################
-----BEGIN SSH HOST KEY KEYS-----
ecdsa-sha2-nistp256 AAAAE2VjZHNhLXNoYTItbmlzdHAyNTYAAAAIbmlzdHAyNTYAAABBBGR5eayrYVk6YX8PpadJB9iGfrIUDMFXEwG3SMDrzikXzbb/DDed1JJ7fpw61lhfxVvFBzfTzt83bB6Os6jKKTY= root@ubuntu-xenial
ssh-ed25519 AAAAC3NzaC1lZDI1NTE5AAAAIPUvxxybXgFvrYfeSWr4xI8Xvlvr6hqzreZqii6d13cx root@ubuntu-xenial
ssh-rsa AAAAB3NzaC1yc2EAAAADAQABAAABAQDDl72r1wMdJHF9/3vqCJdVzIiN5UajS4N+JMw5u5m/w8485SQgSjF6cjzZ/7sE1Vtksw3PiRPf1odQPGfUe2KzdEgw48hgXurO4HWLyYqUQU8mrPrS7nzD27SmLho9uN3zt61D2fmETlbyI7dFCeKZLbHAIC1Qxdxz8BwOSJwRjBJpMwYllAgxwVJR7P/S9S2BTwxD8y6P+a0xa4gP4NfznNZC01jobAguPpI0ZL0WVWcCh23Mnv1/oQX3gQ73llDkAIG209KyP/tnNzrja2ku21vc2Q/pSgRSZZqftGb3PvK2QKebjIC0Ub8uNYcyAwNru20hYUeC78MS1fRyLjo9 root@ubuntu-xenial
-----END SSH HOST KEY KEYS-----
[   31.523647] cloud-init[1535]: Cloud-init v. 18.3-9-g2e62cb8a-0ubuntu1~16.04.2 running 'modules:final' at Thu, 13 Dec 2018 13:20:22 +0000. Up 31.22 seconds.
[   31.540503] cloud-init[1535]: ci-info: no authorized ssh keys fingerprints found for user ubuntu.
[   31.542557] cloud-init[1535]: Cloud-init v. 18.3-9-g2e62cb8a-0ubuntu1~16.04.2 finished at Thu, 13 Dec 2018 13:20:22 +0000. Datasource DataSourceNoCloud [seed=/dev/sdb][dsmode=net].  Up 31.51 seconds
[[0;32m  OK  [0m] Started Execute cloud user/final scripts.
[[0;32m  OK  [0m] Reached target Cloud-init target.

Ubuntu 16.04.5 LTS ubuntu-xenial ttyS0

ubuntu-xenial login: 